2014/03/02 16:07:26 [error] [php] Array to string conversion (/Applications/MAMP/htdocs/kms/yii/framework/zii/widgets/CDetailView.php:235)
Stack trace:
#0 /Applications/MAMP/htdocs/kms/yii/framework/web/CBaseController.php(173): TbDetailView->run()
#1 /Applications/MAMP/htdocs/kms/protected/views/user/view.php(67): UserController->widget()
#2 /Applications/MAMP/htdocs/kms/yii/framework/web/CBaseController.php(126): require()
#3 /Applications/MAMP/htdocs/kms/yii/framework/web/CBaseController.php(95): UserController->renderInternal()
#4 /Applications/MAMP/htdocs/kms/yii/framework/web/CController.php(869): UserController->renderFile()
#5 /Applications/MAMP/htdocs/kms/yii/framework/web/CController.php(782): UserController->renderPartial()
#6 /Applications/MAMP/htdocs/kms/protected/controllers/UserController.php(110): UserController->render()
#7 unknown(0): UserController->actionView()
#8 /Applications/MAMP/htdocs/kms/yii/framework/web/actions/CAction.php(108): ReflectionMethod->invokeArgs()
#9 /Applications/MAMP/htdocs/kms/yii/framework/web/actions/CInlineAction.php(47): CInlineAction->runWithParamsInternal()
#10 /Applications/MAMP/htdocs/kms/yii/framework/web/CController.php(308): CInlineAction->runWithParams()
#11 /Applications/MAMP/htdocs/kms/yii/framework/web/filters/CFilterChain.php(133): UserController->runAction()
#12 /Applications/MAMP/htdocs/kms/yii/framework/web/filters/CFilter.php(40): CFilterChain->run()
#13 /Applications/MAMP/htdocs/kms/yii/framework/web/CController.php(1145): CAccessControlFilter->filter()
#14 /Applications/MAMP/htdocs/kms/yii/framework/web/filters/CInlineFilter.php(58): UserController->filterAccessControl()
#15 /Applications/MAMP/htdocs/kms/yii/framework/web/filters/CFilterChain.php(130): CInlineFilter->filter()
#16 /Applications/MAMP/htdocs/kms/yii/framework/web/CController.php(291): CFilterChain->run()
#17 /Applications/MAMP/htdocs/kms/yii/framework/web/CController.php(265): UserController->runActionWithFilters()
#18 /Applications/MAMP/htdocs/kms/yii/framework/web/CWebApplication.php(282): UserController->run()
#19 /Applications/MAMP/htdocs/kms/yii/framework/web/CWebApplication.php(141): CWebApplication->runController()
#20 /Applications/MAMP/htdocs/kms/yii/framework/base/CApplication.php(169): CWebApplication->processRequest()
#21 /Applications/MAMP/htdocs/kms/index.php(13): CWebApplication->run()
REQUEST_URI=/kms/index.php/user/65
in /Applications/MAMP/htdocs/kms/protected/views/user/view.php (67)
in /Applications/MAMP/htdocs/kms/protected/controllers/UserController.php (110)
in /Applications/MAMP/htdocs/kms/index.php (13)
2014/03/02 20:50:18 [warning] [application] Failed to set unsafe attribute "taskDateTo" of "Tasks".
in /Applications/MAMP/htdocs/kms/protected/controllers/TasksController.php (74)
in /Applications/MAMP/htdocs/kms/index.php (13)
2014/03/02 21:25:03 [error] [exception.CException] exception 'CException' with message 'Tasks and its behaviors do not have a method or closure named "getUserFullName".' in /Applications/MAMP/htdocs/kms/yii/framework/base/CComponent.php:265
Stack trace:
#0 /Applications/MAMP/htdocs/kms/yii/framework/db/ar/CActiveRecord.php(225): CComponent->__call('getUserFullName', Array)
#1 /Applications/MAMP/htdocs/kms/yii/framework/base/CComponent.php(606) : eval()'d code(1): CActiveRecord->__call('getUserFullName', Array)
#2 /Applications/MAMP/htdocs/kms/yii/framework/base/CComponent.php(606) : eval()'d code(1): Tasks->getUserFullName()
#3 /Applications/MAMP/htdocs/kms/yii/framework/base/CComponent.php(606): eval()
#4 /Applications/MAMP/htdocs/kms/yii/framework/zii/widgets/grid/CDataColumn.php(131): CComponent->evaluateExpression('CHtml::link($da...', Array)
#5 /Applications/MAMP/htdocs/kms/yii/framework/zii/widgets/grid/CGridColumn.php(144): CDataColumn->renderDataCellContent(0, Object(Tasks))
#6 /Applications/MAMP/htdocs/kms/yii/framework/zii/widgets/grid/CGridView.php(589): CGridColumn->renderDataCell(0)
#7 /Applications/MAMP/htdocs/kms/yii/framework/zii/widgets/grid/CGridView.php(545): CGridView->renderTableRow(0)
#8 /Applications/MAMP/htdocs/kms/yii/framework/zii/widgets/grid/CGridView.php(455): CGridView->renderTableBody()
#9 /Applications/MAMP/htdocs/kms/yii/framework/zii/widgets/CBaseListView.php(160): CGridView->renderItems()
#10 [internal function]: CBaseListView->renderSection(Array)
#11 /Applications/MAMP/htdocs/kms/yii/framework/zii/widgets/CBaseListView.php(143): preg_replace_callback('/{(\w+)}/', Array, '{summary}?{item...')
#12 /Applications/MAMP/htdocs/kms/yii/framework/zii/widgets/CBaseListView.php(128): CBaseListView->renderContent()
#13 /Applications/MAMP/htdocs/kms/yii/framework/web/CBaseController.php(173): CBaseListView->run()
#14 /Applications/MAMP/htdocs/kms/protected/views/tasks/index.php(56): CBaseController->widget('bootstrap.widge...', Array)
#15 /Applications/MAMP/htdocs/kms/yii/framework/web/CBaseController.php(126): require('/Applications/M...')
#16 /Applications/MAMP/htdocs/kms/yii/framework/web/CBaseController.php(95): CBaseController->renderInternal('/Applications/M...', Array, true)
#17 /Applications/MAMP/htdocs/kms/yii/framework/web/CController.php(869): CBaseController->renderFile('/Applications/M...', Array, true)
#18 /Applications/MAMP/htdocs/kms/yii/framework/web/CController.php(782): CController->renderPartial('index', Array, true)
#19 /Applications/MAMP/htdocs/kms/protected/controllers/TasksController.php(136): CController->render('index', Array)
#20 /Applications/MAMP/htdocs/kms/yii/framework/web/actions/CInlineAction.php(49): TasksController->actionIndex()
#21 /Applications/MAMP/htdocs/kms/yii/framework/web/CController.php(308): CInlineAction->runWithParams(Array)
#22 /Applications/MAMP/htdocs/kms/yii/framework/web/filters/CFilterChain.php(133): CController->runAction(Object(CInlineAction))
#23 /Applications/MAMP/htdocs/kms/yii/framework/web/filters/CFilter.php(40): CFilterChain->run()
#24 /Applications/MAMP/htdocs/kms/yii/framework/web/CController.php(1145): CFilter->filter(Object(CFilterChain))
#25 /Applications/MAMP/htdocs/kms/yii/framework/web/filters/CInlineFilter.php(58): CController->filterAccessControl(Object(CFilterChain))
#26 /Applications/MAMP/htdocs/kms/yii/framework/web/filters/CFilterChain.php(130): CInlineFilter->filter(Object(CFilterChain))
#27 /Applications/MAMP/htdocs/kms/yii/framework/web/CController.php(291): CFilterChain->run()
#28 /Applications/MAMP/htdocs/kms/yii/framework/web/CController.php(265): CController->runActionWithFilters(Object(CInlineAction), Array)
#29 /Applications/MAMP/htdocs/kms/yii/framework/web/CWebApplication.php(282): CController->run('index')
#30 /Applications/MAMP/htdocs/kms/yii/framework/web/CWebApplication.php(141): CWebApplication->runController('tasks/index')
#31 /Applications/MAMP/htdocs/kms/yii/framework/base/CApplication.php(169): CWebApplication->processRequest()
#32 /Applications/MAMP/htdocs/kms/index.php(13): CApplication->run()
#33 {main}
REQUEST_URI=/kms/index.php/tasks/index
---
2014/03/02 21:26:43 [error] [exception.CException] exception 'CException' with message 'Property "Tasks.firstName" is not defined.' in /Applications/MAMP/htdocs/kms/yii/framework/base/CComponent.php:130
Stack trace:
#0 /Applications/MAMP/htdocs/kms/yii/framework/db/ar/CActiveRecord.php(143): CComponent->__get('firstName')
#1 /Applications/MAMP/htdocs/kms/yii/framework/base/CComponent.php(606) : eval()'d code(1): CActiveRecord->__get('firstName')
#2 /Applications/MAMP/htdocs/kms/yii/framework/base/CComponent.php(606): eval()
#3 /Applications/MAMP/htdocs/kms/yii/framework/zii/widgets/grid/CDataColumn.php(131): CComponent->evaluateExpression('CHtml::link($da...', Array)
#4 /Applications/MAMP/htdocs/kms/yii/framework/zii/widgets/grid/CGridColumn.php(144): CDataColumn->renderDataCellContent(0, Object(Tasks))
#5 /Applications/MAMP/htdocs/kms/yii/framework/zii/widgets/grid/CGridView.php(589): CGridColumn->renderDataCell(0)
#6 /Applications/MAMP/htdocs/kms/yii/framework/zii/widgets/grid/CGridView.php(545): CGridView->renderTableRow(0)
#7 /Applications/MAMP/htdocs/kms/yii/framework/zii/widgets/grid/CGridView.php(455): CGridView->renderTableBody()
#8 /Applications/MAMP/htdocs/kms/yii/framework/zii/widgets/CBaseListView.php(160): CGridView->renderItems()
#9 [internal function]: CBaseListView->renderSection(Array)
#10 /Applications/MAMP/htdocs/kms/yii/framework/zii/widgets/CBaseListView.php(143): preg_replace_callback('/{(\w+)}/', Array, '{summary}?{item...')
#11 /Applications/MAMP/htdocs/kms/yii/framework/zii/widgets/CBaseListView.php(128): CBaseListView->renderContent()
#12 /Applications/MAMP/htdocs/kms/yii/framework/web/CBaseController.php(173): CBaseListView->run()
#13 /Applications/MAMP/htdocs/kms/protected/views/tasks/index.php(56): CBaseController->widget('bootstrap.widge...', Array)
#14 /Applications/MAMP/htdocs/kms/yii/framework/web/CBaseController.php(126): require('/Applications/M...')
#15 /Applications/MAMP/htdocs/kms/yii/framework/web/CBaseController.php(95): CBaseController->renderInternal('/Applications/M...', Array, true)
#16 /Applications/MAMP/htdocs/kms/yii/framework/web/CController.php(869): CBaseController->renderFile('/Applications/M...', Array, true)
#17 /Applications/MAMP/htdocs/kms/yii/framework/web/CController.php(782): CController->renderPartial('index', Array, true)
#18 /Applications/MAMP/htdocs/kms/protected/controllers/TasksController.php(136): CController->render('index', Array)
#19 /Applications/MAMP/htdocs/kms/yii/framework/web/actions/CInlineAction.php(49): TasksController->actionIndex()
#20 /Applications/MAMP/htdocs/kms/yii/framework/web/CController.php(308): CInlineAction->runWithParams(Array)
#21 /Applications/MAMP/htdocs/kms/yii/framework/web/filters/CFilterChain.php(133): CController->runAction(Object(CInlineAction))
#22 /Applications/MAMP/htdocs/kms/yii/framework/web/filters/CFilter.php(40): CFilterChain->run()
#23 /Applications/MAMP/htdocs/kms/yii/framework/web/CController.php(1145): CFilter->filter(Object(CFilterChain))
#24 /Applications/MAMP/htdocs/kms/yii/framework/web/filters/CInlineFilter.php(58): CController->filterAccessControl(Object(CFilterChain))
#25 /Applications/MAMP/htdocs/kms/yii/framework/web/filters/CFilterChain.php(130): CInlineFilter->filter(Object(CFilterChain))
#26 /Applications/MAMP/htdocs/kms/yii/framework/web/CController.php(291): CFilterChain->run()
#27 /Applications/MAMP/htdocs/kms/yii/framework/web/CController.php(265): CController->runActionWithFilters(Object(CInlineAction), Array)
#28 /Applications/MAMP/htdocs/kms/yii/framework/web/CWebApplication.php(282): CController->run('index')
#29 /Applications/MAMP/htdocs/kms/yii/framework/web/CWebApplication.php(141): CWebApplication->runController('tasks/index')
#30 /Applications/MAMP/htdocs/kms/yii/framework/base/CApplication.php(169): CWebApplication->processRequest()
#31 /Applications/MAMP/htdocs/kms/index.php(13): CApplication->run()
#32 {main}
REQUEST_URI=/kms/index.php/tasks/index
---
2014/03/02 21:27:45 [error] [exception.CException] exception 'CException' with message 'Property "Tasks.firstName" is not defined.' in /Applications/MAMP/htdocs/kms/yii/framework/base/CComponent.php:130
Stack trace:
#0 /Applications/MAMP/htdocs/kms/yii/framework/db/ar/CActiveRecord.php(143): CComponent->__get('firstName')
#1 /Applications/MAMP/htdocs/kms/yii/framework/base/CComponent.php(606) : eval()'d code(1): CActiveRecord->__get('firstName')
#2 /Applications/MAMP/htdocs/kms/yii/framework/base/CComponent.php(606): eval()
#3 /Applications/MAMP/htdocs/kms/yii/framework/zii/widgets/grid/CDataColumn.php(131): CComponent->evaluateExpression('CHtml::link($da...', Array)
#4 /Applications/MAMP/htdocs/kms/yii/framework/zii/widgets/grid/CGridColumn.php(144): CDataColumn->renderDataCellContent(0, Object(Tasks))
#5 /Applications/MAMP/htdocs/kms/yii/framework/zii/widgets/grid/CGridView.php(589): CGridColumn->renderDataCell(0)
#6 /Applications/MAMP/htdocs/kms/yii/framework/zii/widgets/grid/CGridView.php(545): CGridView->renderTableRow(0)
#7 /Applications/MAMP/htdocs/kms/yii/framework/zii/widgets/grid/CGridView.php(455): CGridView->renderTableBody()
#8 /Applications/MAMP/htdocs/kms/yii/framework/zii/widgets/CBaseListView.php(160): CGridView->renderItems()
#9 [internal function]: CBaseListView->renderSection(Array)
#10 /Applications/MAMP/htdocs/kms/yii/framework/zii/widgets/CBaseListView.php(143): preg_replace_callback('/{(\w+)}/', Array, '{summary}?{item...')
#11 /Applications/MAMP/htdocs/kms/yii/framework/zii/widgets/CBaseListView.php(128): CBaseListView->renderContent()
#12 /Applications/MAMP/htdocs/kms/yii/framework/web/CBaseController.php(173): CBaseListView->run()
#13 /Applications/MAMP/htdocs/kms/protected/views/tasks/index.php(56): CBaseController->widget('bootstrap.widge...', Array)
#14 /Applications/MAMP/htdocs/kms/yii/framework/web/CBaseController.php(126): require('/Applications/M...')
#15 /Applications/MAMP/htdocs/kms/yii/framework/web/CBaseController.php(95): CBaseController->renderInternal('/Applications/M...', Array, true)
#16 /Applications/MAMP/htdocs/kms/yii/framework/web/CController.php(869): CBaseController->renderFile('/Applications/M...', Array, true)
#17 /Applications/MAMP/htdocs/kms/yii/framework/web/CController.php(782): CController->renderPartial('index', Array, true)
#18 /Applications/MAMP/htdocs/kms/protected/controllers/TasksController.php(136): CController->render('index', Array)
#19 /Applications/MAMP/htdocs/kms/yii/framework/web/actions/CInlineAction.php(49): TasksController->actionIndex()
#20 /Applications/MAMP/htdocs/kms/yii/framework/web/CController.php(308): CInlineAction->runWithParams(Array)
#21 /Applications/MAMP/htdocs/kms/yii/framework/web/filters/CFilterChain.php(133): CController->runAction(Object(CInlineAction))
#22 /Applications/MAMP/htdocs/kms/yii/framework/web/filters/CFilter.php(40): CFilterChain->run()
#23 /Applications/MAMP/htdocs/kms/yii/framework/web/CController.php(1145): CFilter->filter(Object(CFilterChain))
#24 /Applications/MAMP/htdocs/kms/yii/framework/web/filters/CInlineFilter.php(58): CController->filterAccessControl(Object(CFilterChain))
#25 /Applications/MAMP/htdocs/kms/yii/framework/web/filters/CFilterChain.php(130): CInlineFilter->filter(Object(CFilterChain))
#26 /Applications/MAMP/htdocs/kms/yii/framework/web/CController.php(291): CFilterChain->run()
#27 /Applications/MAMP/htdocs/kms/yii/framework/web/CController.php(265): CController->runActionWithFilters(Object(CInlineAction), Array)
#28 /Applications/MAMP/htdocs/kms/yii/framework/web/CWebApplication.php(282): CController->run('index')
#29 /Applications/MAMP/htdocs/kms/yii/framework/web/CWebApplication.php(141): CWebApplication->runController('tasks/index')
#30 /Applications/MAMP/htdocs/kms/yii/framework/base/CApplication.php(169): CWebApplication->processRequest()
#31 /Applications/MAMP/htdocs/kms/index.php(13): CApplication->run()
#32 {main}
REQUEST_URI=/kms/index.php/tasks/index
---
2014/03/02 21:27:47 [error] [exception.CException] exception 'CException' with message 'Property "Tasks.firstName" is not defined.' in /Applications/MAMP/htdocs/kms/yii/framework/base/CComponent.php:130
Stack trace:
#0 /Applications/MAMP/htdocs/kms/yii/framework/db/ar/CActiveRecord.php(143): CComponent->__get('firstName')
#1 /Applications/MAMP/htdocs/kms/yii/framework/base/CComponent.php(606) : eval()'d code(1): CActiveRecord->__get('firstName')
#2 /Applications/MAMP/htdocs/kms/yii/framework/base/CComponent.php(606): eval()
#3 /Applications/MAMP/htdocs/kms/yii/framework/zii/widgets/grid/CDataColumn.php(131): CComponent->evaluateExpression('CHtml::link($da...', Array)
#4 /Applications/MAMP/htdocs/kms/yii/framework/zii/widgets/grid/CGridColumn.php(144): CDataColumn->renderDataCellContent(0, Object(Tasks))
#5 /Applications/MAMP/htdocs/kms/yii/framework/zii/widgets/grid/CGridView.php(589): CGridColumn->renderDataCell(0)
#6 /Applications/MAMP/htdocs/kms/yii/framework/zii/widgets/grid/CGridView.php(545): CGridView->renderTableRow(0)
#7 /Applications/MAMP/htdocs/kms/yii/framework/zii/widgets/grid/CGridView.php(455): CGridView->renderTableBody()
#8 /Applications/MAMP/htdocs/kms/yii/framework/zii/widgets/CBaseListView.php(160): CGridView->renderItems()
#9 [internal function]: CBaseListView->renderSection(Array)
#10 /Applications/MAMP/htdocs/kms/yii/framework/zii/widgets/CBaseListView.php(143): preg_replace_callback('/{(\w+)}/', Array, '{summary}?{item...')
#11 /Applications/MAMP/htdocs/kms/yii/framework/zii/widgets/CBaseListView.php(128): CBaseListView->renderContent()
#12 /Applications/MAMP/htdocs/kms/yii/framework/web/CBaseController.php(173): CBaseListView->run()
#13 /Applications/MAMP/htdocs/kms/protected/views/tasks/index.php(56): CBaseController->widget('bootstrap.widge...', Array)
#14 /Applications/MAMP/htdocs/kms/yii/framework/web/CBaseController.php(126): require('/Applications/M...')
#15 /Applications/MAMP/htdocs/kms/yii/framework/web/CBaseController.php(95): CBaseController->renderInternal('/Applications/M...', Array, true)
#16 /Applications/MAMP/htdocs/kms/yii/framework/web/CController.php(869): CBaseController->renderFile('/Applications/M...', Array, true)
#17 /Applications/MAMP/htdocs/kms/yii/framework/web/CController.php(782): CController->renderPartial('index', Array, true)
#18 /Applications/MAMP/htdocs/kms/protected/controllers/TasksController.php(136): CController->render('index', Array)
#19 /Applications/MAMP/htdocs/kms/yii/framework/web/actions/CInlineAction.php(49): TasksController->actionIndex()
#20 /Applications/MAMP/htdocs/kms/yii/framework/web/CController.php(308): CInlineAction->runWithParams(Array)
#21 /Applications/MAMP/htdocs/kms/yii/framework/web/filters/CFilterChain.php(133): CController->runAction(Object(CInlineAction))
#22 /Applications/MAMP/htdocs/kms/yii/framework/web/filters/CFilter.php(40): CFilterChain->run()
#23 /Applications/MAMP/htdocs/kms/yii/framework/web/CController.php(1145): CFilter->filter(Object(CFilterChain))
#24 /Applications/MAMP/htdocs/kms/yii/framework/web/filters/CInlineFilter.php(58): CController->filterAccessControl(Object(CFilterChain))
#25 /Applications/MAMP/htdocs/kms/yii/framework/web/filters/CFilterChain.php(130): CInlineFilter->filter(Object(CFilterChain))
#26 /Applications/MAMP/htdocs/kms/yii/framework/web/CController.php(291): CFilterChain->run()
#27 /Applications/MAMP/htdocs/kms/yii/framework/web/CController.php(265): CController->runActionWithFilters(Object(CInlineAction), Array)
#28 /Applications/MAMP/htdocs/kms/yii/framework/web/CWebApplication.php(282): CController->run('index')
#29 /Applications/MAMP/htdocs/kms/yii/framework/web/CWebApplication.php(141): CWebApplication->runController('tasks/index')
#30 /Applications/MAMP/htdocs/kms/yii/framework/base/CApplication.php(169): CWebApplication->processRequest()
#31 /Applications/MAMP/htdocs/kms/index.php(13): CApplication->run()
#32 {main}
REQUEST_URI=/kms/index.php/tasks/index
---
2014/03/02 21:27:47 [error] [exception.CException] exception 'CException' with message 'Property "Tasks.firstName" is not defined.' in /Applications/MAMP/htdocs/kms/yii/framework/base/CComponent.php:130
Stack trace:
#0 /Applications/MAMP/htdocs/kms/yii/framework/db/ar/CActiveRecord.php(143): CComponent->__get('firstName')
#1 /Applications/MAMP/htdocs/kms/yii/framework/base/CComponent.php(606) : eval()'d code(1): CActiveRecord->__get('firstName')
#2 /Applications/MAMP/htdocs/kms/yii/framework/base/CComponent.php(606): eval()
#3 /Applications/MAMP/htdocs/kms/yii/framework/zii/widgets/grid/CDataColumn.php(131): CComponent->evaluateExpression('CHtml::link($da...', Array)
#4 /Applications/MAMP/htdocs/kms/yii/framework/zii/widgets/grid/CGridColumn.php(144): CDataColumn->renderDataCellContent(0, Object(Tasks))
#5 /Applications/MAMP/htdocs/kms/yii/framework/zii/widgets/grid/CGridView.php(589): CGridColumn->renderDataCell(0)
#6 /Applications/MAMP/htdocs/kms/yii/framework/zii/widgets/grid/CGridView.php(545): CGridView->renderTableRow(0)
#7 /Applications/MAMP/htdocs/kms/yii/framework/zii/widgets/grid/CGridView.php(455): CGridView->renderTableBody()
#8 /Applications/MAMP/htdocs/kms/yii/framework/zii/widgets/CBaseListView.php(160): CGridView->renderItems()
#9 [internal function]: CBaseListView->renderSection(Array)
#10 /Applications/MAMP/htdocs/kms/yii/framework/zii/widgets/CBaseListView.php(143): preg_replace_callback('/{(\w+)}/', Array, '{summary}?{item...')
#11 /Applications/MAMP/htdocs/kms/yii/framework/zii/widgets/CBaseListView.php(128): CBaseListView->renderContent()
#12 /Applications/MAMP/htdocs/kms/yii/framework/web/CBaseController.php(173): CBaseListView->run()
#13 /Applications/MAMP/htdocs/kms/protected/views/tasks/index.php(56): CBaseController->widget('bootstrap.widge...', Array)
#14 /Applications/MAMP/htdocs/kms/yii/framework/web/CBaseController.php(126): require('/Applications/M...')
#15 /Applications/MAMP/htdocs/kms/yii/framework/web/CBaseController.php(95): CBaseController->renderInternal('/Applications/M...', Array, true)
#16 /Applications/MAMP/htdocs/kms/yii/framework/web/CController.php(869): CBaseController->renderFile('/Applications/M...', Array, true)
#17 /Applications/MAMP/htdocs/kms/yii/framework/web/CController.php(782): CController->renderPartial('index', Array, true)
#18 /Applications/MAMP/htdocs/kms/protected/controllers/TasksController.php(136): CController->render('index', Array)
#19 /Applications/MAMP/htdocs/kms/yii/framework/web/actions/CInlineAction.php(49): TasksController->actionIndex()
#20 /Applications/MAMP/htdocs/kms/yii/framework/web/CController.php(308): CInlineAction->runWithParams(Array)
#21 /Applications/MAMP/htdocs/kms/yii/framework/web/filters/CFilterChain.php(133): CController->runAction(Object(CInlineAction))
#22 /Applications/MAMP/htdocs/kms/yii/framework/web/filters/CFilter.php(40): CFilterChain->run()
#23 /Applications/MAMP/htdocs/kms/yii/framework/web/CController.php(1145): CFilter->filter(Object(CFilterChain))
#24 /Applications/MAMP/htdocs/kms/yii/framework/web/filters/CInlineFilter.php(58): CController->filterAccessControl(Object(CFilterChain))
#25 /Applications/MAMP/htdocs/kms/yii/framework/web/filters/CFilterChain.php(130): CInlineFilter->filter(Object(CFilterChain))
#26 /Applications/MAMP/htdocs/kms/yii/framework/web/CController.php(291): CFilterChain->run()
#27 /Applications/MAMP/htdocs/kms/yii/framework/web/CController.php(265): CController->runActionWithFilters(Object(CInlineAction), Array)
#28 /Applications/MAMP/htdocs/kms/yii/framework/web/CWebApplication.php(282): CController->run('index')
#29 /Applications/MAMP/htdocs/kms/yii/framework/web/CWebApplication.php(141): CWebApplication->runController('tasks/index')
#30 /Applications/MAMP/htdocs/kms/yii/framework/base/CApplication.php(169): CWebApplication->processRequest()
#31 /Applications/MAMP/htdocs/kms/index.php(13): CApplication->run()
#32 {main}
REQUEST_URI=/kms/index.php/tasks/index
---
2014/03/02 21:27:47 [error] [exception.CException] exception 'CException' with message 'Property "Tasks.firstName" is not defined.' in /Applications/MAMP/htdocs/kms/yii/framework/base/CComponent.php:130
Stack trace:
#0 /Applications/MAMP/htdocs/kms/yii/framework/db/ar/CActiveRecord.php(143): CComponent->__get('firstName')
#1 /Applications/MAMP/htdocs/kms/yii/framework/base/CComponent.php(606) : eval()'d code(1): CActiveRecord->__get('firstName')
#2 /Applications/MAMP/htdocs/kms/yii/framework/base/CComponent.php(606): eval()
#3 /Applications/MAMP/htdocs/kms/yii/framework/zii/widgets/grid/CDataColumn.php(131): CComponent->evaluateExpression('CHtml::link($da...', Array)
#4 /Applications/MAMP/htdocs/kms/yii/framework/zii/widgets/grid/CGridColumn.php(144): CDataColumn->renderDataCellContent(0, Object(Tasks))
#5 /Applications/MAMP/htdocs/kms/yii/framework/zii/widgets/grid/CGridView.php(589): CGridColumn->renderDataCell(0)
#6 /Applications/MAMP/htdocs/kms/yii/framework/zii/widgets/grid/CGridView.php(545): CGridView->renderTableRow(0)
#7 /Applications/MAMP/htdocs/kms/yii/framework/zii/widgets/grid/CGridView.php(455): CGridView->renderTableBody()
#8 /Applications/MAMP/htdocs/kms/yii/framework/zii/widgets/CBaseListView.php(160): CGridView->renderItems()
#9 [internal function]: CBaseListView->renderSection(Array)
#10 /Applications/MAMP/htdocs/kms/yii/framework/zii/widgets/CBaseListView.php(143): preg_replace_callback('/{(\w+)}/', Array, '{summary}?{item...')
#11 /Applications/MAMP/htdocs/kms/yii/framework/zii/widgets/CBaseListView.php(128): CBaseListView->renderContent()
#12 /Applications/MAMP/htdocs/kms/yii/framework/web/CBaseController.php(173): CBaseListView->run()
#13 /Applications/MAMP/htdocs/kms/protected/views/tasks/index.php(56): CBaseController->widget('bootstrap.widge...', Array)
#14 /Applications/MAMP/htdocs/kms/yii/framework/web/CBaseController.php(126): require('/Applications/M...')
#15 /Applications/MAMP/htdocs/kms/yii/framework/web/CBaseController.php(95): CBaseController->renderInternal('/Applications/M...', Array, true)
#16 /Applications/MAMP/htdocs/kms/yii/framework/web/CController.php(869): CBaseController->renderFile('/Applications/M...', Array, true)
#17 /Applications/MAMP/htdocs/kms/yii/framework/web/CController.php(782): CController->renderPartial('index', Array, true)
#18 /Applications/MAMP/htdocs/kms/protected/controllers/TasksController.php(136): CController->render('index', Array)
#19 /Applications/MAMP/htdocs/kms/yii/framework/web/actions/CInlineAction.php(49): TasksController->actionIndex()
#20 /Applications/MAMP/htdocs/kms/yii/framework/web/CController.php(308): CInlineAction->runWithParams(Array)
#21 /Applications/MAMP/htdocs/kms/yii/framework/web/filters/CFilterChain.php(133): CController->runAction(Object(CInlineAction))
#22 /Applications/MAMP/htdocs/kms/yii/framework/web/filters/CFilter.php(40): CFilterChain->run()
#23 /Applications/MAMP/htdocs/kms/yii/framework/web/CController.php(1145): CFilter->filter(Object(CFilterChain))
#24 /Applications/MAMP/htdocs/kms/yii/framework/web/filters/CInlineFilter.php(58): CController->filterAccessControl(Object(CFilterChain))
#25 /Applications/MAMP/htdocs/kms/yii/framework/web/filters/CFilterChain.php(130): CInlineFilter->filter(Object(CFilterChain))
#26 /Applications/MAMP/htdocs/kms/yii/framework/web/CController.php(291): CFilterChain->run()
#27 /Applications/MAMP/htdocs/kms/yii/framework/web/CController.php(265): CController->runActionWithFilters(Object(CInlineAction), Array)
#28 /Applications/MAMP/htdocs/kms/yii/framework/web/CWebApplication.php(282): CController->run('index')
#29 /Applications/MAMP/htdocs/kms/yii/framework/web/CWebApplication.php(141): CWebApplication->runController('tasks/index')
#30 /Applications/MAMP/htdocs/kms/yii/framework/base/CApplication.php(169): CWebApplication->processRequest()
#31 /Applications/MAMP/htdocs/kms/index.php(13): CApplication->run()
#32 {main}
REQUEST_URI=/kms/index.php/tasks/index
---
2014/03/02 21:29:12 [error] [exception.CHttpException.404] exception 'CHttpException' with message 'Unable to resolve the request "users/view".' in /Applications/MAMP/htdocs/kms/yii/framework/web/CWebApplication.php:286
Stack trace:
#0 /Applications/MAMP/htdocs/kms/yii/framework/web/CWebApplication.php(141): CWebApplication->runController('users/view')
#1 /Applications/MAMP/htdocs/kms/yii/framework/base/CApplication.php(169): CWebApplication->processRequest()
#2 /Applications/MAMP/htdocs/kms/index.php(13): CApplication->run()
#3 {main}
REQUEST_URI=/kms/index.php/users/65
HTTP_REFERER=http://localhost:8888/kms/index.php/tasks/index
---
2014/03/02 21:31:40 [error] [exception.CException] exception 'CException' with message 'Property "Tasks.id" is not defined.' in /Applications/MAMP/htdocs/kms/yii/framework/base/CComponent.php:130
Stack trace:
#0 /Applications/MAMP/htdocs/kms/yii/framework/db/ar/CActiveRecord.php(143): CComponent->__get('id')
#1 /Applications/MAMP/htdocs/kms/yii/framework/base/CComponent.php(606) : eval()'d code(1): CActiveRecord->__get('id')
#2 /Applications/MAMP/htdocs/kms/yii/framework/base/CComponent.php(606): eval()
#3 /Applications/MAMP/htdocs/kms/yii/framework/zii/widgets/grid/CDataColumn.php(131): CComponent->evaluateExpression('CHtml::link($da...', Array)
#4 /Applications/MAMP/htdocs/kms/yii/framework/zii/widgets/grid/CGridColumn.php(144): CDataColumn->renderDataCellContent(0, Object(Tasks))
#5 /Applications/MAMP/htdocs/kms/yii/framework/zii/widgets/grid/CGridView.php(589): CGridColumn->renderDataCell(0)
#6 /Applications/MAMP/htdocs/kms/yii/framework/zii/widgets/grid/CGridView.php(545): CGridView->renderTableRow(0)
#7 /Applications/MAMP/htdocs/kms/yii/framework/zii/widgets/grid/CGridView.php(455): CGridView->renderTableBody()
#8 /Applications/MAMP/htdocs/kms/yii/framework/zii/widgets/CBaseListView.php(160): CGridView->renderItems()
#9 [internal function]: CBaseListView->renderSection(Array)
#10 /Applications/MAMP/htdocs/kms/yii/framework/zii/widgets/CBaseListView.php(143): preg_replace_callback('/{(\w+)}/', Array, '{summary}?{item...')
#11 /Applications/MAMP/htdocs/kms/yii/framework/zii/widgets/CBaseListView.php(128): CBaseListView->renderContent()
#12 /Applications/MAMP/htdocs/kms/yii/framework/web/CBaseController.php(173): CBaseListView->run()
#13 /Applications/MAMP/htdocs/kms/protected/views/tasks/index.php(57): CBaseController->widget('bootstrap.widge...', Array)
#14 /Applications/MAMP/htdocs/kms/yii/framework/web/CBaseController.php(126): require('/Applications/M...')
#15 /Applications/MAMP/htdocs/kms/yii/framework/web/CBaseController.php(95): CBaseController->renderInternal('/Applications/M...', Array, true)
#16 /Applications/MAMP/htdocs/kms/yii/framework/web/CController.php(869): CBaseController->renderFile('/Applications/M...', Array, true)
#17 /Applications/MAMP/htdocs/kms/yii/framework/web/CController.php(782): CController->renderPartial('index', Array, true)
#18 /Applications/MAMP/htdocs/kms/protected/controllers/TasksController.php(136): CController->render('index', Array)
#19 /Applications/MAMP/htdocs/kms/yii/framework/web/actions/CInlineAction.php(49): TasksController->actionIndex()
#20 /Applications/MAMP/htdocs/kms/yii/framework/web/CController.php(308): CInlineAction->runWithParams(Array)
#21 /Applications/MAMP/htdocs/kms/yii/framework/web/filters/CFilterChain.php(133): CController->runAction(Object(CInlineAction))
#22 /Applications/MAMP/htdocs/kms/yii/framework/web/filters/CFilter.php(40): CFilterChain->run()
#23 /Applications/MAMP/htdocs/kms/yii/framework/web/CController.php(1145): CFilter->filter(Object(CFilterChain))
#24 /Applications/MAMP/htdocs/kms/yii/framework/web/filters/CInlineFilter.php(58): CController->filterAccessControl(Object(CFilterChain))
#25 /Applications/MAMP/htdocs/kms/yii/framework/web/filters/CFilterChain.php(130): CInlineFilter->filter(Object(CFilterChain))
#26 /Applications/MAMP/htdocs/kms/yii/framework/web/CController.php(291): CFilterChain->run()
#27 /Applications/MAMP/htdocs/kms/yii/framework/web/CController.php(265): CController->runActionWithFilters(Object(CInlineAction), Array)
#28 /Applications/MAMP/htdocs/kms/yii/framework/web/CWebApplication.php(282): CController->run('index')
#29 /Applications/MAMP/htdocs/kms/yii/framework/web/CWebApplication.php(141): CWebApplication->runController('tasks/index')
#30 /Applications/MAMP/htdocs/kms/yii/framework/base/CApplication.php(169): CWebApplication->processRequest()
#31 /Applications/MAMP/htdocs/kms/index.php(13): CApplication->run()
#32 {main}
REQUEST_URI=/kms/index.php/tasks/index
---
2014/03/02 21:31:50 [error] [exception.CException] exception 'CException' with message 'Property "Tasks.taskId" is not defined.' in /Applications/MAMP/htdocs/kms/yii/framework/base/CComponent.php:130
Stack trace:
#0 /Applications/MAMP/htdocs/kms/yii/framework/db/ar/CActiveRecord.php(143): CComponent->__get('taskId')
#1 /Applications/MAMP/htdocs/kms/yii/framework/base/CComponent.php(606) : eval()'d code(1): CActiveRecord->__get('taskId')
#2 /Applications/MAMP/htdocs/kms/yii/framework/base/CComponent.php(606): eval()
#3 /Applications/MAMP/htdocs/kms/yii/framework/zii/widgets/grid/CDataColumn.php(131): CComponent->evaluateExpression('CHtml::link($da...', Array)
#4 /Applications/MAMP/htdocs/kms/yii/framework/zii/widgets/grid/CGridColumn.php(144): CDataColumn->renderDataCellContent(0, Object(Tasks))
#5 /Applications/MAMP/htdocs/kms/yii/framework/zii/widgets/grid/CGridView.php(589): CGridColumn->renderDataCell(0)
#6 /Applications/MAMP/htdocs/kms/yii/framework/zii/widgets/grid/CGridView.php(545): CGridView->renderTableRow(0)
#7 /Applications/MAMP/htdocs/kms/yii/framework/zii/widgets/grid/CGridView.php(455): CGridView->renderTableBody()
#8 /Applications/MAMP/htdocs/kms/yii/framework/zii/widgets/CBaseListView.php(160): CGridView->renderItems()
#9 [internal function]: CBaseListView->renderSection(Array)
#10 /Applications/MAMP/htdocs/kms/yii/framework/zii/widgets/CBaseListView.php(143): preg_replace_callback('/{(\w+)}/', Array, '{summary}?{item...')
#11 /Applications/MAMP/htdocs/kms/yii/framework/zii/widgets/CBaseListView.php(128): CBaseListView->renderContent()
#12 /Applications/MAMP/htdocs/kms/yii/framework/web/CBaseController.php(173): CBaseListView->run()
#13 /Applications/MAMP/htdocs/kms/protected/views/tasks/index.php(57): CBaseController->widget('bootstrap.widge...', Array)
#14 /Applications/MAMP/htdocs/kms/yii/framework/web/CBaseController.php(126): require('/Applications/M...')
#15 /Applications/MAMP/htdocs/kms/yii/framework/web/CBaseController.php(95): CBaseController->renderInternal('/Applications/M...', Array, true)
#16 /Applications/MAMP/htdocs/kms/yii/framework/web/CController.php(869): CBaseController->renderFile('/Applications/M...', Array, true)
#17 /Applications/MAMP/htdocs/kms/yii/framework/web/CController.php(782): CController->renderPartial('index', Array, true)
#18 /Applications/MAMP/htdocs/kms/protected/controllers/TasksController.php(136): CController->render('index', Array)
#19 /Applications/MAMP/htdocs/kms/yii/framework/web/actions/CInlineAction.php(49): TasksController->actionIndex()
#20 /Applications/MAMP/htdocs/kms/yii/framework/web/CController.php(308): CInlineAction->runWithParams(Array)
#21 /Applications/MAMP/htdocs/kms/yii/framework/web/filters/CFilterChain.php(133): CController->runAction(Object(CInlineAction))
#22 /Applications/MAMP/htdocs/kms/yii/framework/web/filters/CFilter.php(40): CFilterChain->run()
#23 /Applications/MAMP/htdocs/kms/yii/framework/web/CController.php(1145): CFilter->filter(Object(CFilterChain))
#24 /Applications/MAMP/htdocs/kms/yii/framework/web/filters/CInlineFilter.php(58): CController->filterAccessControl(Object(CFilterChain))
#25 /Applications/MAMP/htdocs/kms/yii/framework/web/filters/CFilterChain.php(130): CInlineFilter->filter(Object(CFilterChain))
#26 /Applications/MAMP/htdocs/kms/yii/framework/web/CController.php(291): CFilterChain->run()
#27 /Applications/MAMP/htdocs/kms/yii/framework/web/CController.php(265): CController->runActionWithFilters(Object(CInlineAction), Array)
#28 /Applications/MAMP/htdocs/kms/yii/framework/web/CWebApplication.php(282): CController->run('index')
#29 /Applications/MAMP/htdocs/kms/yii/framework/web/CWebApplication.php(141): CWebApplication->runController('tasks/index')
#30 /Applications/MAMP/htdocs/kms/yii/framework/base/CApplication.php(169): CWebApplication->processRequest()
#31 /Applications/MAMP/htdocs/kms/index.php(13): CApplication->run()
#32 {main}
REQUEST_URI=/kms/index.php/tasks/index
---
2014/03/02 21:32:16 [error] [exception.CException] exception 'CException' with message 'Property "Tasks.tasksId" is not defined.' in /Applications/MAMP/htdocs/kms/yii/framework/base/CComponent.php:130
Stack trace:
#0 /Applications/MAMP/htdocs/kms/yii/framework/db/ar/CActiveRecord.php(143): CComponent->__get('tasksId')
#1 /Applications/MAMP/htdocs/kms/yii/framework/base/CComponent.php(606) : eval()'d code(1): CActiveRecord->__get('tasksId')
#2 /Applications/MAMP/htdocs/kms/yii/framework/base/CComponent.php(606): eval()
#3 /Applications/MAMP/htdocs/kms/yii/framework/zii/widgets/grid/CDataColumn.php(131): CComponent->evaluateExpression('CHtml::link($da...', Array)
#4 /Applications/MAMP/htdocs/kms/yii/framework/zii/widgets/grid/CGridColumn.php(144): CDataColumn->renderDataCellContent(0, Object(Tasks))
#5 /Applications/MAMP/htdocs/kms/yii/framework/zii/widgets/grid/CGridView.php(589): CGridColumn->renderDataCell(0)
#6 /Applications/MAMP/htdocs/kms/yii/framework/zii/widgets/grid/CGridView.php(545): CGridView->renderTableRow(0)
#7 /Applications/MAMP/htdocs/kms/yii/framework/zii/widgets/grid/CGridView.php(455): CGridView->renderTableBody()
#8 /Applications/MAMP/htdocs/kms/yii/framework/zii/widgets/CBaseListView.php(160): CGridView->renderItems()
#9 [internal function]: CBaseListView->renderSection(Array)
#10 /Applications/MAMP/htdocs/kms/yii/framework/zii/widgets/CBaseListView.php(143): preg_replace_callback('/{(\w+)}/', Array, '{summary}?{item...')
#11 /Applications/MAMP/htdocs/kms/yii/framework/zii/widgets/CBaseListView.php(128): CBaseListView->renderContent()
#12 /Applications/MAMP/htdocs/kms/yii/framework/web/CBaseController.php(173): CBaseListView->run()
#13 /Applications/MAMP/htdocs/kms/protected/views/tasks/index.php(57): CBaseController->widget('bootstrap.widge...', Array)
#14 /Applications/MAMP/htdocs/kms/yii/framework/web/CBaseController.php(126): require('/Applications/M...')
#15 /Applications/MAMP/htdocs/kms/yii/framework/web/CBaseController.php(95): CBaseController->renderInternal('/Applications/M...', Array, true)
#16 /Applications/MAMP/htdocs/kms/yii/framework/web/CController.php(869): CBaseController->renderFile('/Applications/M...', Array, true)
#17 /Applications/MAMP/htdocs/kms/yii/framework/web/CController.php(782): CController->renderPartial('index', Array, true)
#18 /Applications/MAMP/htdocs/kms/protected/controllers/TasksController.php(136): CController->render('index', Array)
#19 /Applications/MAMP/htdocs/kms/yii/framework/web/actions/CInlineAction.php(49): TasksController->actionIndex()
#20 /Applications/MAMP/htdocs/kms/yii/framework/web/CController.php(308): CInlineAction->runWithParams(Array)
#21 /Applications/MAMP/htdocs/kms/yii/framework/web/filters/CFilterChain.php(133): CController->runAction(Object(CInlineAction))
#22 /Applications/MAMP/htdocs/kms/yii/framework/web/filters/CFilter.php(40): CFilterChain->run()
#23 /Applications/MAMP/htdocs/kms/yii/framework/web/CController.php(1145): CFilter->filter(Object(CFilterChain))
#24 /Applications/MAMP/htdocs/kms/yii/framework/web/filters/CInlineFilter.php(58): CController->filterAccessControl(Object(CFilterChain))
#25 /Applications/MAMP/htdocs/kms/yii/framework/web/filters/CFilterChain.php(130): CInlineFilter->filter(Object(CFilterChain))
#26 /Applications/MAMP/htdocs/kms/yii/framework/web/CController.php(291): CFilterChain->run()
#27 /Applications/MAMP/htdocs/kms/yii/framework/web/CController.php(265): CController->runActionWithFilters(Object(CInlineAction), Array)
#28 /Applications/MAMP/htdocs/kms/yii/framework/web/CWebApplication.php(282): CController->run('index')
#29 /Applications/MAMP/htdocs/kms/yii/framework/web/CWebApplication.php(141): CWebApplication->runController('tasks/index')
#30 /Applications/MAMP/htdocs/kms/yii/framework/base/CApplication.php(169): CWebApplication->processRequest()
#31 /Applications/MAMP/htdocs/kms/index.php(13): CApplication->run()
#32 {main}
REQUEST_URI=/kms/index.php/tasks/index
---
2014/03/02 21:33:54 [error] [exception.CException] exception 'CException' with message 'Property "Tasks.tasksId" is not defined.' in /Applications/MAMP/htdocs/kms/yii/framework/base/CComponent.php:130
Stack trace:
#0 /Applications/MAMP/htdocs/kms/yii/framework/db/ar/CActiveRecord.php(143): CComponent->__get('tasksId')
#1 /Applications/MAMP/htdocs/kms/yii/framework/base/CComponent.php(606) : eval()'d code(1): CActiveRecord->__get('tasksId')
#2 /Applications/MAMP/htdocs/kms/yii/framework/base/CComponent.php(606): eval()
#3 /Applications/MAMP/htdocs/kms/yii/framework/zii/widgets/grid/CDataColumn.php(131): CComponent->evaluateExpression('CHtml::link($da...', Array)
#4 /Applications/MAMP/htdocs/kms/yii/framework/zii/widgets/grid/CGridColumn.php(144): CDataColumn->renderDataCellContent(0, Object(Tasks))
#5 /Applications/MAMP/htdocs/kms/yii/framework/zii/widgets/grid/CGridView.php(589): CGridColumn->renderDataCell(0)
#6 /Applications/MAMP/htdocs/kms/yii/framework/zii/widgets/grid/CGridView.php(545): CGridView->renderTableRow(0)
#7 /Applications/MAMP/htdocs/kms/yii/framework/zii/widgets/grid/CGridView.php(455): CGridView->renderTableBody()
#8 /Applications/MAMP/htdocs/kms/yii/framework/zii/widgets/CBaseListView.php(160): CGridView->renderItems()
#9 [internal function]: CBaseListView->renderSection(Array)
#10 /Applications/MAMP/htdocs/kms/yii/framework/zii/widgets/CBaseListView.php(143): preg_replace_callback('/{(\w+)}/', Array, '{summary}?{item...')
#11 /Applications/MAMP/htdocs/kms/yii/framework/zii/widgets/CBaseListView.php(128): CBaseListView->renderContent()
#12 /Applications/MAMP/htdocs/kms/yii/framework/web/CBaseController.php(173): CBaseListView->run()
#13 /Applications/MAMP/htdocs/kms/protected/views/tasks/index.php(57): CBaseController->widget('bootstrap.widge...', Array)
#14 /Applications/MAMP/htdocs/kms/yii/framework/web/CBaseController.php(126): require('/Applications/M...')
#15 /Applications/MAMP/htdocs/kms/yii/framework/web/CBaseController.php(95): CBaseController->renderInternal('/Applications/M...', Array, true)
#16 /Applications/MAMP/htdocs/kms/yii/framework/web/CController.php(869): CBaseController->renderFile('/Applications/M...', Array, true)
#17 /Applications/MAMP/htdocs/kms/yii/framework/web/CController.php(782): CController->renderPartial('index', Array, true)
#18 /Applications/MAMP/htdocs/kms/protected/controllers/TasksController.php(136): CController->render('index', Array)
#19 /Applications/MAMP/htdocs/kms/yii/framework/web/actions/CInlineAction.php(49): TasksController->actionIndex()
#20 /Applications/MAMP/htdocs/kms/yii/framework/web/CController.php(308): CInlineAction->runWithParams(Array)
#21 /Applications/MAMP/htdocs/kms/yii/framework/web/filters/CFilterChain.php(133): CController->runAction(Object(CInlineAction))
#22 /Applications/MAMP/htdocs/kms/yii/framework/web/filters/CFilter.php(40): CFilterChain->run()
#23 /Applications/MAMP/htdocs/kms/yii/framework/web/CController.php(1145): CFilter->filter(Object(CFilterChain))
#24 /Applications/MAMP/htdocs/kms/yii/framework/web/filters/CInlineFilter.php(58): CController->filterAccessControl(Object(CFilterChain))
#25 /Applications/MAMP/htdocs/kms/yii/framework/web/filters/CFilterChain.php(130): CInlineFilter->filter(Object(CFilterChain))
#26 /Applications/MAMP/htdocs/kms/yii/framework/web/CController.php(291): CFilterChain->run()
#27 /Applications/MAMP/htdocs/kms/yii/framework/web/CController.php(265): CController->runActionWithFilters(Object(CInlineAction), Array)
#28 /Applications/MAMP/htdocs/kms/yii/framework/web/CWebApplication.php(282): CController->run('index')
#29 /Applications/MAMP/htdocs/kms/yii/framework/web/CWebApplication.php(141): CWebApplication->runController('tasks/index')
#30 /Applications/MAMP/htdocs/kms/yii/framework/base/CApplication.php(169): CWebApplication->processRequest()
#31 /Applications/MAMP/htdocs/kms/index.php(13): CApplication->run()
#32 {main}
REQUEST_URI=/kms/index.php/tasks/index
---
2014/03/02 21:39:26 [error] [php] Undefined variable: dataProvider (/Applications/MAMP/htdocs/kms/protected/views/user/view.php:108)
Stack trace:
#0 /Applications/MAMP/htdocs/kms/yii/framework/web/CController.php(869): UserController->renderFile()
#1 /Applications/MAMP/htdocs/kms/yii/framework/web/CController.php(782): UserController->renderPartial()
#2 /Applications/MAMP/htdocs/kms/protected/controllers/UserController.php(110): UserController->render()
#3 unknown(0): UserController->actionView()
#4 /Applications/MAMP/htdocs/kms/yii/framework/web/actions/CAction.php(108): ReflectionMethod->invokeArgs()
#5 /Applications/MAMP/htdocs/kms/yii/framework/web/actions/CInlineAction.php(47): CInlineAction->runWithParamsInternal()
#6 /Applications/MAMP/htdocs/kms/yii/framework/web/CController.php(308): CInlineAction->runWithParams()
#7 /Applications/MAMP/htdocs/kms/yii/framework/web/filters/CFilterChain.php(133): UserController->runAction()
#8 /Applications/MAMP/htdocs/kms/yii/framework/web/filters/CFilter.php(40): CFilterChain->run()
#9 /Applications/MAMP/htdocs/kms/yii/framework/web/CController.php(1145): CAccessControlFilter->filter()
#10 /Applications/MAMP/htdocs/kms/yii/framework/web/filters/CInlineFilter.php(58): UserController->filterAccessControl()
#11 /Applications/MAMP/htdocs/kms/yii/framework/web/filters/CFilterChain.php(130): CInlineFilter->filter()
#12 /Applications/MAMP/htdocs/kms/yii/framework/web/CController.php(291): CFilterChain->run()
#13 /Applications/MAMP/htdocs/kms/yii/framework/web/CController.php(265): UserController->runActionWithFilters()
#14 /Applications/MAMP/htdocs/kms/yii/framework/web/CWebApplication.php(282): UserController->run()
#15 /Applications/MAMP/htdocs/kms/yii/framework/web/CWebApplication.php(141): CWebApplication->runController()
#16 /Applications/MAMP/htdocs/kms/yii/framework/base/CApplication.php(169): CWebApplication->processRequest()
#17 /Applications/MAMP/htdocs/kms/index.php(13): CWebApplication->run()
REQUEST_URI=/kms/index.php/user/65
in /Applications/MAMP/htdocs/kms/protected/views/user/view.php (108)
in /Applications/MAMP/htdocs/kms/protected/controllers/UserController.php (110)
in /Applications/MAMP/htdocs/kms/index.php (13)
2014/03/02 21:49:37 [error] [php] Use of undefined constant value - assumed 'value' (/Applications/MAMP/htdocs/kms/protected/views/user/view.php:27)
Stack trace:
#0 /Applications/MAMP/htdocs/kms/yii/framework/web/CController.php(869): UserController->renderFile()
#1 /Applications/MAMP/htdocs/kms/yii/framework/web/CController.php(782): UserController->renderPartial()
#2 /Applications/MAMP/htdocs/kms/protected/controllers/UserController.php(110): UserController->render()
#3 unknown(0): UserController->actionView()
#4 /Applications/MAMP/htdocs/kms/yii/framework/web/actions/CAction.php(108): ReflectionMethod->invokeArgs()
#5 /Applications/MAMP/htdocs/kms/yii/framework/web/actions/CInlineAction.php(47): CInlineAction->runWithParamsInternal()
#6 /Applications/MAMP/htdocs/kms/yii/framework/web/CController.php(308): CInlineAction->runWithParams()
#7 /Applications/MAMP/htdocs/kms/yii/framework/web/filters/CFilterChain.php(133): UserController->runAction()
#8 /Applications/MAMP/htdocs/kms/yii/framework/web/filters/CFilter.php(40): CFilterChain->run()
#9 /Applications/MAMP/htdocs/kms/yii/framework/web/CController.php(1145): CAccessControlFilter->filter()
#10 /Applications/MAMP/htdocs/kms/yii/framework/web/filters/CInlineFilter.php(58): UserController->filterAccessControl()
#11 /Applications/MAMP/htdocs/kms/yii/framework/web/filters/CFilterChain.php(130): CInlineFilter->filter()
#12 /Applications/MAMP/htdocs/kms/yii/framework/web/CController.php(291): CFilterChain->run()
#13 /Applications/MAMP/htdocs/kms/yii/framework/web/CController.php(265): UserController->runActionWithFilters()
#14 /Applications/MAMP/htdocs/kms/yii/framework/web/CWebApplication.php(282): UserController->run()
#15 /Applications/MAMP/htdocs/kms/yii/framework/web/CWebApplication.php(141): CWebApplication->runController()
#16 /Applications/MAMP/htdocs/kms/yii/framework/base/CApplication.php(169): CWebApplication->processRequest()
#17 /Applications/MAMP/htdocs/kms/index.php(13): CWebApplication->run()
REQUEST_URI=/kms/index.php/user/65
in /Applications/MAMP/htdocs/kms/protected/views/user/view.php (27)
in /Applications/MAMP/htdocs/kms/protected/controllers/UserController.php (110)
in /Applications/MAMP/htdocs/kms/index.php (13)
2014/03/02 22:09:16 [error] [exception.CException] exception 'CException' with message 'Property "WorkingGroups.userId" is not defined.' in /Applications/MAMP/htdocs/kms/yii/framework/base/CComponent.php:130
Stack trace:
#0 /Applications/MAMP/htdocs/kms/yii/framework/db/ar/CActiveRecord.php(143): CComponent->__get('userId')
#1 /Applications/MAMP/htdocs/kms/yii/framework/base/CComponent.php(606) : eval()'d code(1): CActiveRecord->__get('userId')
#2 /Applications/MAMP/htdocs/kms/yii/framework/base/CComponent.php(606): eval()
#3 /Applications/MAMP/htdocs/kms/yii/framework/zii/widgets/grid/CDataColumn.php(131): CComponent->evaluateExpression('CHtml::link($da...', Array)
#4 /Applications/MAMP/htdocs/kms/yii/framework/zii/widgets/grid/CGridColumn.php(144): CDataColumn->renderDataCellContent(0, Object(WorkingGroups))
#5 /Applications/MAMP/htdocs/kms/yii/framework/zii/widgets/grid/CGridView.php(589): CGridColumn->renderDataCell(0)
#6 /Applications/MAMP/htdocs/kms/yii/framework/zii/widgets/grid/CGridView.php(545): CGridView->renderTableRow(0)
#7 /Applications/MAMP/htdocs/kms/yii/framework/zii/widgets/grid/CGridView.php(455): CGridView->renderTableBody()
#8 /Applications/MAMP/htdocs/kms/yii/framework/zii/widgets/CBaseListView.php(160): CGridView->renderItems()
#9 [internal function]: CBaseListView->renderSection(Array)
#10 /Applications/MAMP/htdocs/kms/yii/framework/zii/widgets/CBaseListView.php(143): preg_replace_callback('/{(\w+)}/', Array, '{summary}?{item...')
#11 /Applications/MAMP/htdocs/kms/yii/framework/zii/widgets/CBaseListView.php(128): CBaseListView->renderContent()
#12 /Applications/MAMP/htdocs/kms/yii/framework/web/CBaseController.php(173): CBaseListView->run()
#13 /Applications/MAMP/htdocs/kms/protected/views/workingGroup/index.php(34): CBaseController->widget('bootstrap.widge...', Array)
#14 /Applications/MAMP/htdocs/kms/yii/framework/web/CBaseController.php(126): require('/Applications/M...')
#15 /Applications/MAMP/htdocs/kms/yii/framework/web/CBaseController.php(95): CBaseController->renderInternal('/Applications/M...', Array, true)
#16 /Applications/MAMP/htdocs/kms/yii/framework/web/CController.php(869): CBaseController->renderFile('/Applications/M...', Array, true)
#17 /Applications/MAMP/htdocs/kms/yii/framework/web/CController.php(782): CController->renderPartial('index', Array, true)
#18 /Applications/MAMP/htdocs/kms/protected/controllers/WorkingGroupController.php(149): CController->render('index', Array)
#19 /Applications/MAMP/htdocs/kms/yii/framework/web/actions/CInlineAction.php(49): WorkingGroupController->actionIndex()
#20 /Applications/MAMP/htdocs/kms/yii/framework/web/CController.php(308): CInlineAction->runWithParams(Array)
#21 /Applications/MAMP/htdocs/kms/yii/framework/web/filters/CFilterChain.php(133): CController->runAction(Object(CInlineAction))
#22 /Applications/MAMP/htdocs/kms/yii/framework/web/filters/CFilter.php(40): CFilterChain->run()
#23 /Applications/MAMP/htdocs/kms/yii/framework/web/CController.php(1145): CFilter->filter(Object(CFilterChain))
#24 /Applications/MAMP/htdocs/kms/yii/framework/web/filters/CInlineFilter.php(58): CController->filterAccessControl(Object(CFilterChain))
#25 /Applications/MAMP/htdocs/kms/yii/framework/web/filters/CFilterChain.php(130): CInlineFilter->filter(Object(CFilterChain))
#26 /Applications/MAMP/htdocs/kms/yii/framework/web/CController.php(291): CFilterChain->run()
#27 /Applications/MAMP/htdocs/kms/yii/framework/web/CController.php(265): CController->runActionWithFilters(Object(CInlineAction), Array)
#28 /Applications/MAMP/htdocs/kms/yii/framework/web/CWebApplication.php(282): CController->run('index')
#29 /Applications/MAMP/htdocs/kms/yii/framework/web/CWebApplication.php(141): CWebApplication->runController('workingGroup/in...')
#30 /Applications/MAMP/htdocs/kms/yii/framework/base/CApplication.php(169): CWebApplication->processRequest()
#31 /Applications/MAMP/htdocs/kms/index.php(13): CApplication->run()
#32 {main}
REQUEST_URI=/kms/index.php/workingGroup/index
---
2014/03/02 22:27:00 [error] [exception.CException] exception 'CException' with message 'Property "TbGridView.itemView" is not defined.' in /Applications/MAMP/htdocs/kms/yii/framework/base/CComponent.php:173
Stack trace:
#0 /Applications/MAMP/htdocs/kms/yii/framework/web/CWidgetFactory.php(161): CComponent->__set('itemView', '/tasks/_view')
#1 /Applications/MAMP/htdocs/kms/yii/framework/web/CBaseController.php(146): CWidgetFactory->createWidget(Object(WorkingGroupController), 'bootstrap.widge...', Array)
#2 /Applications/MAMP/htdocs/kms/yii/framework/web/CBaseController.php(172): CBaseController->createWidget('bootstrap.widge...', Array)
#3 /Applications/MAMP/htdocs/kms/protected/views/workingGroup/view.php(30): CBaseController->widget('bootstrap.widge...', Array)
#4 /Applications/MAMP/htdocs/kms/yii/framework/web/CBaseController.php(126): require('/Applications/M...')
#5 /Applications/MAMP/htdocs/kms/yii/framework/web/CBaseController.php(95): CBaseController->renderInternal('/Applications/M...', Array, true)
#6 /Applications/MAMP/htdocs/kms/yii/framework/web/CController.php(869): CBaseController->renderFile('/Applications/M...', Array, true)
#7 /Applications/MAMP/htdocs/kms/yii/framework/web/CController.php(782): CController->renderPartial('view', Array, true)
#8 /Applications/MAMP/htdocs/kms/protected/controllers/WorkingGroupController.php(76): CController->render('view', Array)
#9 [internal function]: WorkingGroupController->actionView('1')
#10 /Applications/MAMP/htdocs/kms/yii/framework/web/actions/CAction.php(108): ReflectionMethod->invokeArgs(Object(WorkingGroupController), Array)
#11 /Applications/MAMP/htdocs/kms/yii/framework/web/actions/CInlineAction.php(47): CAction->runWithParamsInternal(Object(WorkingGroupController), Object(ReflectionMethod), Array)
#12 /Applications/MAMP/htdocs/kms/yii/framework/web/CController.php(308): CInlineAction->runWithParams(Array)
#13 /Applications/MAMP/htdocs/kms/yii/framework/web/filters/CFilterChain.php(133): CController->runAction(Object(CInlineAction))
#14 /Applications/MAMP/htdocs/kms/yii/framework/web/filters/CFilter.php(40): CFilterChain->run()
#15 /Applications/MAMP/htdocs/kms/yii/framework/web/CController.php(1145): CFilter->filter(Object(CFilterChain))
#16 /Applications/MAMP/htdocs/kms/yii/framework/web/filters/CInlineFilter.php(58): CController->filterAccessControl(Object(CFilterChain))
#17 /Applications/MAMP/htdocs/kms/yii/framework/web/filters/CFilterChain.php(130): CInlineFilter->filter(Object(CFilterChain))
#18 /Applications/MAMP/htdocs/kms/yii/framework/web/CController.php(291): CFilterChain->run()
#19 /Applications/MAMP/htdocs/kms/yii/framework/web/CController.php(265): CController->runActionWithFilters(Object(CInlineAction), Array)
#20 /Applications/MAMP/htdocs/kms/yii/framework/web/CWebApplication.php(282): CController->run('view')
#21 /Applications/MAMP/htdocs/kms/yii/framework/web/CWebApplication.php(141): CWebApplication->runController('workingGroup/vi...')
#22 /Applications/MAMP/htdocs/kms/yii/framework/base/CApplication.php(169): CWebApplication->processRequest()
#23 /Applications/MAMP/htdocs/kms/index.php(13): CApplication->run()
#24 {main}
REQUEST_URI=/kms/index.php/workingGroup/1
HTTP_REFERER=http://localhost:8888/kms/index.php/workingGroup/index
---
2014/03/02 22:32:04 [error] [php] Undefined variable: tasks (/Applications/MAMP/htdocs/kms/yii/framework/base/CComponent.php(606) : eval()'d code:1)
Stack trace:
#0 /Applications/MAMP/htdocs/kms/yii/framework/zii/widgets/grid/CGridColumn.php(144): TbDataColumn->renderDataCellContent()
#1 /Applications/MAMP/htdocs/kms/yii/framework/zii/widgets/grid/CGridView.php(589): TbDataColumn->renderDataCell()
#2 /Applications/MAMP/htdocs/kms/yii/framework/zii/widgets/grid/CGridView.php(545): TbGridView->renderTableRow()
#3 /Applications/MAMP/htdocs/kms/yii/framework/zii/widgets/grid/CGridView.php(455): TbGridView->renderTableBody()
#4 /Applications/MAMP/htdocs/kms/yii/framework/zii/widgets/CBaseListView.php(160): TbGridView->renderItems()
#5 unknown(0): TbGridView->renderSection()
#6 /Applications/MAMP/htdocs/kms/yii/framework/zii/widgets/CBaseListView.php(143): preg_replace_callback()
#7 /Applications/MAMP/htdocs/kms/yii/framework/zii/widgets/CBaseListView.php(128): TbGridView->renderContent()
#8 /Applications/MAMP/htdocs/kms/yii/framework/web/CBaseController.php(173): TbGridView->run()
#9 /Applications/MAMP/htdocs/kms/protected/views/workingGroup/view.php(42): WorkingGroupController->widget()
#10 /Applications/MAMP/htdocs/kms/yii/framework/web/CBaseController.php(126): require()
#11 /Applications/MAMP/htdocs/kms/yii/framework/web/CBaseController.php(95): WorkingGroupController->renderInternal()
#12 /Applications/MAMP/htdocs/kms/yii/framework/web/CController.php(869): WorkingGroupController->renderFile()
#13 /Applications/MAMP/htdocs/kms/yii/framework/web/CController.php(782): WorkingGroupController->renderPartial()
#14 /Applications/MAMP/htdocs/kms/protected/controllers/WorkingGroupController.php(76): WorkingGroupController->render()
#15 unknown(0): WorkingGroupController->actionView()
#16 /Applications/MAMP/htdocs/kms/yii/framework/web/actions/CAction.php(108): ReflectionMethod->invokeArgs()
#17 /Applications/MAMP/htdocs/kms/yii/framework/web/actions/CInlineAction.php(47): CInlineAction->runWithParamsInternal()
#18 /Applications/MAMP/htdocs/kms/yii/framework/web/CController.php(308): CInlineAction->runWithParams()
#19 /Applications/MAMP/htdocs/kms/yii/framework/web/filters/CFilterChain.php(133): WorkingGroupController->runAction()
#20 /Applications/MAMP/htdocs/kms/yii/framework/web/filters/CFilter.php(40): CFilterChain->run()
#21 /Applications/MAMP/htdocs/kms/yii/framework/web/CController.php(1145): CAccessControlFilter->filter()
#22 /Applications/MAMP/htdocs/kms/yii/framework/web/filters/CInlineFilter.php(58): WorkingGroupController->filterAccessControl()
#23 /Applications/MAMP/htdocs/kms/yii/framework/web/filters/CFilterChain.php(130): CInlineFilter->filter()
#24 /Applications/MAMP/htdocs/kms/yii/framework/web/CController.php(291): CFilterChain->run()
#25 /Applications/MAMP/htdocs/kms/yii/framework/web/CController.php(265): WorkingGroupController->runActionWithFilters()
#26 /Applications/MAMP/htdocs/kms/yii/framework/web/CWebApplication.php(282): WorkingGroupController->run()
#27 /Applications/MAMP/htdocs/kms/yii/framework/web/CWebApplication.php(141): CWebApplication->runController()
#28 /Applications/MAMP/htdocs/kms/yii/framework/base/CApplication.php(169): CWebApplication->processRequest()
#29 /Applications/MAMP/htdocs/kms/index.php(13): CWebApplication->run()
REQUEST_URI=/kms/index.php/workingGroup/1
in /Applications/MAMP/htdocs/kms/protected/views/workingGroup/view.php (42)
in /Applications/MAMP/htdocs/kms/protected/controllers/WorkingGroupController.php (76)
in /Applications/MAMP/htdocs/kms/index.php (13)
2014/03/02 22:32:23 [error] [exception.CException] exception 'CException' with message 'Property "CActiveDataProvider.user" is not defined.' in /Applications/MAMP/htdocs/kms/yii/framework/base/CComponent.php:130
Stack trace:
#0 /Applications/MAMP/htdocs/kms/protected/views/workingGroup/view.php(37): CComponent->__get('user')
#1 /Applications/MAMP/htdocs/kms/yii/framework/web/CBaseController.php(126): require('/Applications/M...')
#2 /Applications/MAMP/htdocs/kms/yii/framework/web/CBaseController.php(95): CBaseController->renderInternal('/Applications/M...', Array, true)
#3 /Applications/MAMP/htdocs/kms/yii/framework/web/CController.php(869): CBaseController->renderFile('/Applications/M...', Array, true)
#4 /Applications/MAMP/htdocs/kms/yii/framework/web/CController.php(782): CController->renderPartial('view', Array, true)
#5 /Applications/MAMP/htdocs/kms/protected/controllers/WorkingGroupController.php(76): CController->render('view', Array)
#6 [internal function]: WorkingGroupController->actionView('1')
#7 /Applications/MAMP/htdocs/kms/yii/framework/web/actions/CAction.php(108): ReflectionMethod->invokeArgs(Object(WorkingGroupController), Array)
#8 /Applications/MAMP/htdocs/kms/yii/framework/web/actions/CInlineAction.php(47): CAction->runWithParamsInternal(Object(WorkingGroupController), Object(ReflectionMethod), Array)
#9 /Applications/MAMP/htdocs/kms/yii/framework/web/CController.php(308): CInlineAction->runWithParams(Array)
#10 /Applications/MAMP/htdocs/kms/yii/framework/web/filters/CFilterChain.php(133): CController->runAction(Object(CInlineAction))
#11 /Applications/MAMP/htdocs/kms/yii/framework/web/filters/CFilter.php(40): CFilterChain->run()
#12 /Applications/MAMP/htdocs/kms/yii/framework/web/CController.php(1145): CFilter->filter(Object(CFilterChain))
#13 /Applications/MAMP/htdocs/kms/yii/framework/web/filters/CInlineFilter.php(58): CController->filterAccessControl(Object(CFilterChain))
#14 /Applications/MAMP/htdocs/kms/yii/framework/web/filters/CFilterChain.php(130): CInlineFilter->filter(Object(CFilterChain))
#15 /Applications/MAMP/htdocs/kms/yii/framework/web/CController.php(291): CFilterChain->run()
#16 /Applications/MAMP/htdocs/kms/yii/framework/web/CController.php(265): CController->runActionWithFilters(Object(CInlineAction), Array)
#17 /Applications/MAMP/htdocs/kms/yii/framework/web/CWebApplication.php(282): CController->run('view')
#18 /Applications/MAMP/htdocs/kms/yii/framework/web/CWebApplication.php(141): CWebApplication->runController('workingGroup/vi...')
#19 /Applications/MAMP/htdocs/kms/yii/framework/base/CApplication.php(169): CWebApplication->processRequest()
#20 /Applications/MAMP/htdocs/kms/index.php(13): CApplication->run()
#21 {main}
REQUEST_URI=/kms/index.php/workingGroup/1
---
2014/03/02 22:32:39 [error] [exception.CException] exception 'CException' with message 'Property "CActiveDataProvider.User" is not defined.' in /Applications/MAMP/htdocs/kms/yii/framework/base/CComponent.php:130
Stack trace:
#0 /Applications/MAMP/htdocs/kms/protected/views/workingGroup/view.php(37): CComponent->__get('User')
#1 /Applications/MAMP/htdocs/kms/yii/framework/web/CBaseController.php(126): require('/Applications/M...')
#2 /Applications/MAMP/htdocs/kms/yii/framework/web/CBaseController.php(95): CBaseController->renderInternal('/Applications/M...', Array, true)
#3 /Applications/MAMP/htdocs/kms/yii/framework/web/CController.php(869): CBaseController->renderFile('/Applications/M...', Array, true)
#4 /Applications/MAMP/htdocs/kms/yii/framework/web/CController.php(782): CController->renderPartial('view', Array, true)
#5 /Applications/MAMP/htdocs/kms/protected/controllers/WorkingGroupController.php(76): CController->render('view', Array)
#6 [internal function]: WorkingGroupController->actionView('1')
#7 /Applications/MAMP/htdocs/kms/yii/framework/web/actions/CAction.php(108): ReflectionMethod->invokeArgs(Object(WorkingGroupController), Array)
#8 /Applications/MAMP/htdocs/kms/yii/framework/web/actions/CInlineAction.php(47): CAction->runWithParamsInternal(Object(WorkingGroupController), Object(ReflectionMethod), Array)
#9 /Applications/MAMP/htdocs/kms/yii/framework/web/CController.php(308): CInlineAction->runWithParams(Array)
#10 /Applications/MAMP/htdocs/kms/yii/framework/web/filters/CFilterChain.php(133): CController->runAction(Object(CInlineAction))
#11 /Applications/MAMP/htdocs/kms/yii/framework/web/filters/CFilter.php(40): CFilterChain->run()
#12 /Applications/MAMP/htdocs/kms/yii/framework/web/CController.php(1145): CFilter->filter(Object(CFilterChain))
#13 /Applications/MAMP/htdocs/kms/yii/framework/web/filters/CInlineFilter.php(58): CController->filterAccessControl(Object(CFilterChain))
#14 /Applications/MAMP/htdocs/kms/yii/framework/web/filters/CFilterChain.php(130): CInlineFilter->filter(Object(CFilterChain))
#15 /Applications/MAMP/htdocs/kms/yii/framework/web/CController.php(291): CFilterChain->run()
#16 /Applications/MAMP/htdocs/kms/yii/framework/web/CController.php(265): CController->runActionWithFilters(Object(CInlineAction), Array)
#17 /Applications/MAMP/htdocs/kms/yii/framework/web/CWebApplication.php(282): CController->run('view')
#18 /Applications/MAMP/htdocs/kms/yii/framework/web/CWebApplication.php(141): CWebApplication->runController('workingGroup/vi...')
#19 /Applications/MAMP/htdocs/kms/yii/framework/base/CApplication.php(169): CWebApplication->processRequest()
#20 /Applications/MAMP/htdocs/kms/index.php(13): CApplication->run()
#21 {main}
REQUEST_URI=/kms/index.php/workingGroup/1
---
2014/03/02 22:32:48 [error] [exception.CException] exception 'CException' with message 'Property "CActiveDataProvider.lastName" is not defined.' in /Applications/MAMP/htdocs/kms/yii/framework/base/CComponent.php:130
Stack trace:
#0 /Applications/MAMP/htdocs/kms/protected/views/workingGroup/view.php(37): CComponent->__get('lastName')
#1 /Applications/MAMP/htdocs/kms/yii/framework/web/CBaseController.php(126): require('/Applications/M...')
#2 /Applications/MAMP/htdocs/kms/yii/framework/web/CBaseController.php(95): CBaseController->renderInternal('/Applications/M...', Array, true)
#3 /Applications/MAMP/htdocs/kms/yii/framework/web/CController.php(869): CBaseController->renderFile('/Applications/M...', Array, true)
#4 /Applications/MAMP/htdocs/kms/yii/framework/web/CController.php(782): CController->renderPartial('view', Array, true)
#5 /Applications/MAMP/htdocs/kms/protected/controllers/WorkingGroupController.php(76): CController->render('view', Array)
#6 [internal function]: WorkingGroupController->actionView('1')
#7 /Applications/MAMP/htdocs/kms/yii/framework/web/actions/CAction.php(108): ReflectionMethod->invokeArgs(Object(WorkingGroupController), Array)
#8 /Applications/MAMP/htdocs/kms/yii/framework/web/actions/CInlineAction.php(47): CAction->runWithParamsInternal(Object(WorkingGroupController), Object(ReflectionMethod), Array)
#9 /Applications/MAMP/htdocs/kms/yii/framework/web/CController.php(308): CInlineAction->runWithParams(Array)
#10 /Applications/MAMP/htdocs/kms/yii/framework/web/filters/CFilterChain.php(133): CController->runAction(Object(CInlineAction))
#11 /Applications/MAMP/htdocs/kms/yii/framework/web/filters/CFilter.php(40): CFilterChain->run()
#12 /Applications/MAMP/htdocs/kms/yii/framework/web/CController.php(1145): CFilter->filter(Object(CFilterChain))
#13 /Applications/MAMP/htdocs/kms/yii/framework/web/filters/CInlineFilter.php(58): CController->filterAccessControl(Object(CFilterChain))
#14 /Applications/MAMP/htdocs/kms/yii/framework/web/filters/CFilterChain.php(130): CInlineFilter->filter(Object(CFilterChain))
#15 /Applications/MAMP/htdocs/kms/yii/framework/web/CController.php(291): CFilterChain->run()
#16 /Applications/MAMP/htdocs/kms/yii/framework/web/CController.php(265): CController->runActionWithFilters(Object(CInlineAction), Array)
#17 /Applications/MAMP/htdocs/kms/yii/framework/web/CWebApplication.php(282): CController->run('view')
#18 /Applications/MAMP/htdocs/kms/yii/framework/web/CWebApplication.php(141): CWebApplication->runController('workingGroup/vi...')
#19 /Applications/MAMP/htdocs/kms/yii/framework/base/CApplication.php(169): CWebApplication->processRequest()
#20 /Applications/MAMP/htdocs/kms/index.php(13): CApplication->run()
#21 {main}
REQUEST_URI=/kms/index.php/workingGroup/1
---
2014/03/02 22:33:04 [error] [exception.CException] exception 'CException' with message 'Property "CActiveDataProvider.userId" is not defined.' in /Applications/MAMP/htdocs/kms/yii/framework/base/CComponent.php:130
Stack trace:
#0 /Applications/MAMP/htdocs/kms/protected/views/workingGroup/view.php(37): CComponent->__get('userId')
#1 /Applications/MAMP/htdocs/kms/yii/framework/web/CBaseController.php(126): require('/Applications/M...')
#2 /Applications/MAMP/htdocs/kms/yii/framework/web/CBaseController.php(95): CBaseController->renderInternal('/Applications/M...', Array, true)
#3 /Applications/MAMP/htdocs/kms/yii/framework/web/CController.php(869): CBaseController->renderFile('/Applications/M...', Array, true)
#4 /Applications/MAMP/htdocs/kms/yii/framework/web/CController.php(782): CController->renderPartial('view', Array, true)
#5 /Applications/MAMP/htdocs/kms/protected/controllers/WorkingGroupController.php(76): CController->render('view', Array)
#6 [internal function]: WorkingGroupController->actionView('1')
#7 /Applications/MAMP/htdocs/kms/yii/framework/web/actions/CAction.php(108): ReflectionMethod->invokeArgs(Object(WorkingGroupController), Array)
#8 /Applications/MAMP/htdocs/kms/yii/framework/web/actions/CInlineAction.php(47): CAction->runWithParamsInternal(Object(WorkingGroupController), Object(ReflectionMethod), Array)
#9 /Applications/MAMP/htdocs/kms/yii/framework/web/CController.php(308): CInlineAction->runWithParams(Array)
#10 /Applications/MAMP/htdocs/kms/yii/framework/web/filters/CFilterChain.php(133): CController->runAction(Object(CInlineAction))
#11 /Applications/MAMP/htdocs/kms/yii/framework/web/filters/CFilter.php(40): CFilterChain->run()
#12 /Applications/MAMP/htdocs/kms/yii/framework/web/CController.php(1145): CFilter->filter(Object(CFilterChain))
#13 /Applications/MAMP/htdocs/kms/yii/framework/web/filters/CInlineFilter.php(58): CController->filterAccessControl(Object(CFilterChain))
#14 /Applications/MAMP/htdocs/kms/yii/framework/web/filters/CFilterChain.php(130): CInlineFilter->filter(Object(CFilterChain))
#15 /Applications/MAMP/htdocs/kms/yii/framework/web/CController.php(291): CFilterChain->run()
#16 /Applications/MAMP/htdocs/kms/yii/framework/web/CController.php(265): CController->runActionWithFilters(Object(CInlineAction), Array)
#17 /Applications/MAMP/htdocs/kms/yii/framework/web/CWebApplication.php(282): CController->run('view')
#18 /Applications/MAMP/htdocs/kms/yii/framework/web/CWebApplication.php(141): CWebApplication->runController('workingGroup/vi...')
#19 /Applications/MAMP/htdocs/kms/yii/framework/base/CApplication.php(169): CWebApplication->processRequest()
#20 /Applications/MAMP/htdocs/kms/index.php(13): CApplication->run()
#21 {main}
REQUEST_URI=/kms/index.php/workingGroup/1
HTTP_REFERER=http://localhost:8888/kms/index.php/workingGroup/index
---
2014/03/02 22:49:10 [error] [exception.CException] exception 'CException' with message 'Property "Users.textField" is not defined.' in /Applications/MAMP/htdocs/kms/yii/framework/base/CComponent.php:130
Stack trace:
#0 /Applications/MAMP/htdocs/kms/yii/framework/db/ar/CActiveRecord.php(143): CComponent->__get('textField')
#1 /Applications/MAMP/htdocs/kms/yii/framework/web/helpers/CHtml.php(2255): CActiveRecord->__get('textField')
#2 /Applications/MAMP/htdocs/kms/yii/framework/web/helpers/CHtml.php(1980): CHtml::resolveValue(Object(Users), 'textField')
#3 /Applications/MAMP/htdocs/kms/yii/framework/web/helpers/CHtml.php(1257): CHtml::activeInputField('text', Object(Users), 'textField', Array)
#4 /Applications/MAMP/htdocs/kms/yii/framework/web/widgets/CActiveForm.php(657): CHtml::activeTextField(Object(Users), 'textField', Array)
#5 /Applications/MAMP/htdocs/kms/protected/extensions/bootstrap/widgets/input/TbInputVertical.php(142): CActiveForm->textField(Object(Users), 'textField', Array)
#6 /Applications/MAMP/htdocs/kms/protected/extensions/bootstrap/widgets/input/TbInput.php(230): TbInputVertical->textField()
#7 /Applications/MAMP/htdocs/kms/yii/framework/web/CBaseController.php(173): TbInput->run()
#8 /Applications/MAMP/htdocs/kms/protected/extensions/bootstrap/widgets/TbActiveForm.php(497): CBaseController->widget('bootstrap.widge...', Array)
#9 /Applications/MAMP/htdocs/kms/protected/extensions/bootstrap/widgets/TbActiveForm.php(186): TbActiveForm->inputRow('text', Object(Users), 'textField', NULL, Array)
#10 /Applications/MAMP/htdocs/kms/protected/views/user/create.php(15): TbActiveForm->textFieldRow(Object(Users), 'textField', Array)
#11 /Applications/MAMP/htdocs/kms/yii/framework/web/CBaseController.php(126): require('/Applications/M...')
#12 /Applications/MAMP/htdocs/kms/yii/framework/web/CBaseController.php(95): CBaseController->renderInternal('/Applications/M...', Array, true)
#13 /Applications/MAMP/htdocs/kms/yii/framework/web/CController.php(869): CBaseController->renderFile('/Applications/M...', Array, true)
#14 /Applications/MAMP/htdocs/kms/yii/framework/web/CController.php(782): CController->renderPartial('create', Array, true)
#15 /Applications/MAMP/htdocs/kms/protected/controllers/UserController.php(148): CController->render('create', Array)
#16 /Applications/MAMP/htdocs/kms/yii/framework/web/actions/CInlineAction.php(49): UserController->actionCreate()
#17 /Applications/MAMP/htdocs/kms/yii/framework/web/CController.php(308): CInlineAction->runWithParams(Array)
#18 /Applications/MAMP/htdocs/kms/yii/framework/web/filters/CFilterChain.php(133): CController->runAction(Object(CInlineAction))
#19 /Applications/MAMP/htdocs/kms/yii/framework/web/filters/CFilter.php(40): CFilterChain->run()
#20 /Applications/MAMP/htdocs/kms/yii/framework/web/CController.php(1145): CFilter->filter(Object(CFilterChain))
#21 /Applications/MAMP/htdocs/kms/yii/framework/web/filters/CInlineFilter.php(58): CController->filterAccessControl(Object(CFilterChain))
#22 /Applications/MAMP/htdocs/kms/yii/framework/web/filters/CFilterChain.php(130): CInlineFilter->filter(Object(CFilterChain))
#23 /Applications/MAMP/htdocs/kms/yii/framework/web/CController.php(291): CFilterChain->run()
#24 /Applications/MAMP/htdocs/kms/yii/framework/web/CController.php(265): CController->runActionWithFilters(Object(CInlineAction), Array)
#25 /Applications/MAMP/htdocs/kms/yii/framework/web/CWebApplication.php(282): CController->run('create')
#26 /Applications/MAMP/htdocs/kms/yii/framework/web/CWebApplication.php(141): CWebApplication->runController('user/create')
#27 /Applications/MAMP/htdocs/kms/yii/framework/base/CApplication.php(169): CWebApplication->processRequest()
#28 /Applications/MAMP/htdocs/kms/index.php(13): CApplication->run()
#29 {main}
REQUEST_URI=/kms/index.php/user/create
HTTP_REFERER=http://localhost:8888/kms/index.php/user/65
---
2014/03/02 22:49:42 [error] [exception.CException] exception 'CException' with message 'Property "Users.textField" is not defined.' in /Applications/MAMP/htdocs/kms/yii/framework/base/CComponent.php:130
Stack trace:
#0 /Applications/MAMP/htdocs/kms/yii/framework/db/ar/CActiveRecord.php(143): CComponent->__get('textField')
#1 /Applications/MAMP/htdocs/kms/yii/framework/web/helpers/CHtml.php(2255): CActiveRecord->__get('textField')
#2 /Applications/MAMP/htdocs/kms/yii/framework/web/helpers/CHtml.php(1980): CHtml::resolveValue(Object(Users), 'textField')
#3 /Applications/MAMP/htdocs/kms/yii/framework/web/helpers/CHtml.php(1257): CHtml::activeInputField('text', Object(Users), 'textField', Array)
#4 /Applications/MAMP/htdocs/kms/yii/framework/web/widgets/CActiveForm.php(657): CHtml::activeTextField(Object(Users), 'textField', Array)
#5 /Applications/MAMP/htdocs/kms/protected/extensions/bootstrap/widgets/input/TbInputVertical.php(142): CActiveForm->textField(Object(Users), 'textField', Array)
#6 /Applications/MAMP/htdocs/kms/protected/extensions/bootstrap/widgets/input/TbInput.php(230): TbInputVertical->textField()
#7 /Applications/MAMP/htdocs/kms/yii/framework/web/CBaseController.php(173): TbInput->run()
#8 /Applications/MAMP/htdocs/kms/protected/extensions/bootstrap/widgets/TbActiveForm.php(497): CBaseController->widget('bootstrap.widge...', Array)
#9 /Applications/MAMP/htdocs/kms/protected/extensions/bootstrap/widgets/TbActiveForm.php(186): TbActiveForm->inputRow('text', Object(Users), 'textField', NULL, Array)
#10 /Applications/MAMP/htdocs/kms/protected/views/user/create.php(15): TbActiveForm->textFieldRow(Object(Users), 'textField', Array)
#11 /Applications/MAMP/htdocs/kms/yii/framework/web/CBaseController.php(126): require('/Applications/M...')
#12 /Applications/MAMP/htdocs/kms/yii/framework/web/CBaseController.php(95): CBaseController->renderInternal('/Applications/M...', Array, true)
#13 /Applications/MAMP/htdocs/kms/yii/framework/web/CController.php(869): CBaseController->renderFile('/Applications/M...', Array, true)
#14 /Applications/MAMP/htdocs/kms/yii/framework/web/CController.php(782): CController->renderPartial('create', Array, true)
#15 /Applications/MAMP/htdocs/kms/protected/controllers/UserController.php(148): CController->render('create', Array)
#16 /Applications/MAMP/htdocs/kms/yii/framework/web/actions/CInlineAction.php(49): UserController->actionCreate()
#17 /Applications/MAMP/htdocs/kms/yii/framework/web/CController.php(308): CInlineAction->runWithParams(Array)
#18 /Applications/MAMP/htdocs/kms/yii/framework/web/filters/CFilterChain.php(133): CController->runAction(Object(CInlineAction))
#19 /Applications/MAMP/htdocs/kms/yii/framework/web/filters/CFilter.php(40): CFilterChain->run()
#20 /Applications/MAMP/htdocs/kms/yii/framework/web/CController.php(1145): CFilter->filter(Object(CFilterChain))
#21 /Applications/MAMP/htdocs/kms/yii/framework/web/filters/CInlineFilter.php(58): CController->filterAccessControl(Object(CFilterChain))
#22 /Applications/MAMP/htdocs/kms/yii/framework/web/filters/CFilterChain.php(130): CInlineFilter->filter(Object(CFilterChain))
#23 /Applications/MAMP/htdocs/kms/yii/framework/web/CController.php(291): CFilterChain->run()
#24 /Applications/MAMP/htdocs/kms/yii/framework/web/CController.php(265): CController->runActionWithFilters(Object(CInlineAction), Array)
#25 /Applications/MAMP/htdocs/kms/yii/framework/web/CWebApplication.php(282): CController->run('create')
#26 /Applications/MAMP/htdocs/kms/yii/framework/web/CWebApplication.php(141): CWebApplication->runController('user/create')
#27 /Applications/MAMP/htdocs/kms/yii/framework/base/CApplication.php(169): CWebApplication->processRequest()
#28 /Applications/MAMP/htdocs/kms/index.php(13): CApplication->run()
#29 {main}
REQUEST_URI=/kms/index.php/user/create
HTTP_REFERER=http://localhost:8888/kms/index.php/user/65
---
2014/03/02 23:08:41 [error] [exception.CHttpException.404] exception 'CHttpException' with message 'The system is unable to find the requested action "users".' in /Applications/MAMP/htdocs/kms/yii/framework/web/CController.php:483
Stack trace:
#0 /Applications/MAMP/htdocs/kms/yii/framework/web/CController.php(270): CController->missingAction('users')
#1 /Applications/MAMP/htdocs/kms/yii/framework/web/CWebApplication.php(282): CController->run('users')
#2 /Applications/MAMP/htdocs/kms/yii/framework/web/CWebApplication.php(141): CWebApplication->runController('site/users')
#3 /Applications/MAMP/htdocs/kms/yii/framework/base/CApplication.php(169): CWebApplication->processRequest()
#4 /Applications/MAMP/htdocs/kms/index.php(13): CApplication->run()
#5 {main}
REQUEST_URI=/kms/index.php/site/users
HTTP_REFERER=http://localhost:8888/kms/index.php/site/index
---
2014/03/02 23:09:46 [error] [exception.CHttpException.404] exception 'CHttpException' with message 'The system is unable to find the requested action "user".' in /Applications/MAMP/htdocs/kms/yii/framework/web/CController.php:483
Stack trace:
#0 /Applications/MAMP/htdocs/kms/yii/framework/web/CController.php(270): CController->missingAction('user')
#1 /Applications/MAMP/htdocs/kms/yii/framework/web/CWebApplication.php(282): CController->run('user')
#2 /Applications/MAMP/htdocs/kms/yii/framework/web/CWebApplication.php(141): CWebApplication->runController('user/user/index')
#3 /Applications/MAMP/htdocs/kms/yii/framework/base/CApplication.php(169): CWebApplication->processRequest()
#4 /Applications/MAMP/htdocs/kms/index.php(13): CApplication->run()
#5 {main}
REQUEST_URI=/kms/index.php/user/user/index
HTTP_REFERER=http://localhost:8888/kms/index.php/user/index
---
2014/03/02 23:09:48 [error] [exception.CHttpException.404] exception 'CHttpException' with message 'The system is unable to find the requested action "user".' in /Applications/MAMP/htdocs/kms/yii/framework/web/CController.php:483
Stack trace:
#0 /Applications/MAMP/htdocs/kms/yii/framework/web/CController.php(270): CController->missingAction('user')
#1 /Applications/MAMP/htdocs/kms/yii/framework/web/CWebApplication.php(282): CController->run('user')
#2 /Applications/MAMP/htdocs/kms/yii/framework/web/CWebApplication.php(141): CWebApplication->runController('user/user/user/...')
#3 /Applications/MAMP/htdocs/kms/yii/framework/base/CApplication.php(169): CWebApplication->processRequest()
#4 /Applications/MAMP/htdocs/kms/index.php(13): CApplication->run()
#5 {main}
REQUEST_URI=/kms/index.php/user/user/user/index
HTTP_REFERER=http://localhost:8888/kms/index.php/user/user/index
---
2014/03/02 23:09:48 [error] [exception.CHttpException.404] exception 'CHttpException' with message 'The system is unable to find the requested action "user".' in /Applications/MAMP/htdocs/kms/yii/framework/web/CController.php:483
Stack trace:
#0 /Applications/MAMP/htdocs/kms/yii/framework/web/CController.php(270): CController->missingAction('user')
#1 /Applications/MAMP/htdocs/kms/yii/framework/web/CWebApplication.php(282): CController->run('user')
#2 /Applications/MAMP/htdocs/kms/yii/framework/web/CWebApplication.php(141): CWebApplication->runController('user/user/user/...')
#3 /Applications/MAMP/htdocs/kms/yii/framework/base/CApplication.php(169): CWebApplication->processRequest()
#4 /Applications/MAMP/htdocs/kms/index.php(13): CApplication->run()
#5 {main}
REQUEST_URI=/kms/index.php/user/user/user/user/index
HTTP_REFERER=http://localhost:8888/kms/index.php/user/user/user/index
---
2014/03/02 23:09:49 [error] [exception.CHttpException.404] exception 'CHttpException' with message 'The system is unable to find the requested action "user".' in /Applications/MAMP/htdocs/kms/yii/framework/web/CController.php:483
Stack trace:
#0 /Applications/MAMP/htdocs/kms/yii/framework/web/CController.php(270): CController->missingAction('user')
#1 /Applications/MAMP/htdocs/kms/yii/framework/web/CWebApplication.php(282): CController->run('user')
#2 /Applications/MAMP/htdocs/kms/yii/framework/web/CWebApplication.php(141): CWebApplication->runController('user/user/user/...')
#3 /Applications/MAMP/htdocs/kms/yii/framework/base/CApplication.php(169): CWebApplication->processRequest()
#4 /Applications/MAMP/htdocs/kms/index.php(13): CApplication->run()
#5 {main}
REQUEST_URI=/kms/index.php/user/user/user/user/user/index
HTTP_REFERER=http://localhost:8888/kms/index.php/user/user/user/user/index
---
